{"level":"error","message":"Ошибка при получении контракта AccessToken: abi is not iterable","timestamp":"2025-03-06T17:11:55.866Z"}
{"level":"error","message":"Error checking admin token: abi is not iterable","timestamp":"2025-03-06T17:11:55.867Z"}
{"level":"error","message":"Ошибка при получении контракта AccessToken: abi is not iterable","timestamp":"2025-03-06T17:11:55.877Z"}
{"level":"error","message":"Error checking admin token: abi is not iterable","timestamp":"2025-03-06T17:11:55.878Z"}
{"level":"error","message":"Ошибка при получении контракта AccessToken: abi is not iterable","timestamp":"2025-03-06T17:12:16.262Z"}
{"level":"error","message":"Error checking admin token: abi is not iterable","timestamp":"2025-03-06T17:12:16.263Z"}
{"level":"error","message":"Ошибка при получении контракта AccessToken: abi is not iterable","timestamp":"2025-03-06T17:12:16.288Z"}
{"level":"error","message":"Error checking admin token: abi is not iterable","timestamp":"2025-03-06T17:12:16.288Z"}
{"level":"error","message":"Ошибка при получении контракта AccessToken: abi is not iterable","timestamp":"2025-03-06T17:12:16.291Z"}
{"level":"error","message":"Error checking admin token: abi is not iterable","timestamp":"2025-03-06T17:12:16.291Z"}
{"level":"error","message":"Ошибка при получении контракта AccessToken: abi is not iterable","timestamp":"2025-03-06T17:24:54.232Z"}
{"level":"error","message":"Error checking admin token: abi is not iterable","timestamp":"2025-03-06T17:24:54.233Z"}
{"level":"error","message":"Ошибка при получении контракта AccessToken: abi is not iterable","timestamp":"2025-03-06T17:24:54.273Z"}
{"level":"error","message":"Error checking admin token: abi is not iterable","timestamp":"2025-03-06T17:24:54.274Z"}
{"level":"error","message":"Ошибка при получении контракта AccessToken: abi is not iterable","timestamp":"2025-03-06T17:24:54.279Z"}
{"level":"error","message":"Error checking admin token: abi is not iterable","timestamp":"2025-03-06T17:24:54.280Z"}
{"level":"error","message":"Ошибка при получении контракта AccessToken: abi is not iterable","timestamp":"2025-03-06T17:25:37.024Z"}
{"level":"error","message":"Error checking admin token: abi is not iterable","timestamp":"2025-03-06T17:25:37.025Z"}
{"level":"error","message":"Ошибка при получении контракта AccessToken: abi is not iterable","timestamp":"2025-03-06T17:25:37.118Z"}
{"level":"error","message":"Error checking admin token: abi is not iterable","timestamp":"2025-03-06T17:25:37.119Z"}
{"level":"error","message":"Ошибка при получении контракта AccessToken: abi is not iterable","timestamp":"2025-03-06T17:25:37.132Z"}
{"level":"error","message":"Error checking admin token: abi is not iterable","timestamp":"2025-03-06T17:25:37.133Z"}
{"level":"error","message":"Ошибка при получении контракта AccessToken: abi is not iterable","timestamp":"2025-03-06T17:30:00.086Z"}
{"level":"error","message":"Error checking admin token: abi is not iterable","timestamp":"2025-03-06T17:30:00.087Z"}
{"level":"error","message":"Ошибка при получении контракта AccessToken: abi is not iterable","timestamp":"2025-03-06T17:30:00.113Z"}
{"level":"error","message":"Error checking admin token: abi is not iterable","timestamp":"2025-03-06T17:30:00.114Z"}
{"level":"error","message":"Ошибка при получении контракта AccessToken: abi is not iterable","timestamp":"2025-03-06T17:37:00.599Z"}
{"level":"error","message":"Error checking admin token: abi is not iterable","timestamp":"2025-03-06T17:37:00.602Z"}
{"level":"error","message":"Ошибка при получении контракта AccessToken: abi is not iterable","timestamp":"2025-03-06T17:37:00.645Z"}
{"level":"error","message":"Error checking admin token: abi is not iterable","timestamp":"2025-03-06T17:37:00.646Z"}
{"level":"error","message":"Ошибка при получении контракта AccessToken: abi is not iterable","timestamp":"2025-03-06T17:37:00.652Z"}
{"level":"error","message":"Error checking admin token: abi is not iterable","timestamp":"2025-03-06T17:37:00.654Z"}
{"level":"error","message":"Ошибка при получении контракта AccessToken: ABI for AccessToken is not an array","timestamp":"2025-03-06T18:04:39.376Z"}
{"level":"error","message":"Error checking admin token: ABI for AccessToken is not an array","timestamp":"2025-03-06T18:04:39.377Z"}
{"level":"error","message":"Ошибка при получении контракта AccessToken: ABI for AccessToken is not an array","timestamp":"2025-03-06T18:04:39.393Z"}
{"level":"error","message":"Error checking admin token: ABI for AccessToken is not an array","timestamp":"2025-03-06T18:04:39.394Z"}
{"level":"error","message":"Ошибка при получении контракта AccessToken: ABI for AccessToken is not an array","timestamp":"2025-03-06T18:04:52.200Z"}
{"level":"error","message":"Error checking admin token: ABI for AccessToken is not an array","timestamp":"2025-03-06T18:04:52.202Z"}
{"level":"error","message":"Ошибка при получении контракта AccessToken: ABI for AccessToken is not an array","timestamp":"2025-03-06T18:04:52.277Z"}
{"level":"error","message":"Error checking admin token: ABI for AccessToken is not an array","timestamp":"2025-03-06T18:04:52.278Z"}
{"level":"error","message":"Ошибка при получении контракта AccessToken: ABI for AccessToken is not an array","timestamp":"2025-03-06T18:04:52.465Z"}
{"level":"error","message":"Error checking admin token: ABI for AccessToken is not an array","timestamp":"2025-03-06T18:04:52.466Z"}
{"level":"error","message":"Error checking admin token: execution reverted: \"No active token\" (action=\"call\", data=\"0x08c379a00000000000000000000000000000000000000000000000000000000000000020000000000000000000000000000000000000000000000000000000000000000f4e6f2061637469766520746f6b656e0000000000000000000000000000000000\", reason=\"No active token\", transaction={ \"data\": \"0xa0d7823e0000000000000000000000000a98c54327253bb51f99c8218e5a7a01933d5f57\", \"to\": \"0xF352c498cF0857F472dC473E4Dd39551E79B1063\" }, invocation=null, revert={ \"args\": [ \"No active token\" ], \"name\": \"Error\", \"signature\": \"Error(string)\" }, code=CALL_EXCEPTION, version=6.13.5)","timestamp":"2025-03-06T18:23:11.554Z"}
{"level":"error","message":"Error checking admin token: execution reverted: \"No active token\" (action=\"call\", data=\"0x08c379a00000000000000000000000000000000000000000000000000000000000000020000000000000000000000000000000000000000000000000000000000000000f4e6f2061637469766520746f6b656e0000000000000000000000000000000000\", reason=\"No active token\", transaction={ \"data\": \"0xa0d7823e0000000000000000000000000a98c54327253bb51f99c8218e5a7a01933d5f57\", \"to\": \"0xF352c498cF0857F472dC473E4Dd39551E79B1063\" }, invocation=null, revert={ \"args\": [ \"No active token\" ], \"name\": \"Error\", \"signature\": \"Error(string)\" }, code=CALL_EXCEPTION, version=6.13.5)","timestamp":"2025-03-06T18:23:11.848Z"}
{"level":"error","message":"Error checking admin token: execution reverted: \"No active token\" (action=\"call\", data=\"0x08c379a00000000000000000000000000000000000000000000000000000000000000020000000000000000000000000000000000000000000000000000000000000000f4e6f2061637469766520746f6b656e0000000000000000000000000000000000\", reason=\"No active token\", transaction={ \"data\": \"0xa0d7823e0000000000000000000000000a98c54327253bb51f99c8218e5a7a01933d5f57\", \"to\": \"0xF352c498cF0857F472dC473E4Dd39551E79B1063\" }, invocation=null, revert={ \"args\": [ \"No active token\" ], \"name\": \"Error\", \"signature\": \"Error(string)\" }, code=CALL_EXCEPTION, version=6.13.5)","timestamp":"2025-03-06T18:23:12.075Z"}
{"level":"error","message":"Error checking admin token: execution reverted: \"No active token\" (action=\"call\", data=\"0x08c379a00000000000000000000000000000000000000000000000000000000000000020000000000000000000000000000000000000000000000000000000000000000f4e6f2061637469766520746f6b656e0000000000000000000000000000000000\", reason=\"No active token\", transaction={ \"data\": \"0xa0d7823e0000000000000000000000000000000000000000000000000000000000000000\", \"to\": \"0xF352c498cF0857F472dC473E4Dd39551E79B1063\" }, invocation=null, revert={ \"args\": [ \"No active token\" ], \"name\": \"Error\", \"signature\": \"Error(string)\" }, code=CALL_EXCEPTION, version=6.13.5)","timestamp":"2025-03-06T18:30:01.179Z"}
